2023/03/09 09:46:00 [emerg] 1#1: duplicate location "/50x.html" in /etc/nginx/conf.d/default.conf:48
2023/03/09 09:47:22 [emerg] 1#1: duplicate location "/50x.html" in /etc/nginx/conf.d/default.conf:48
2023/03/09 09:48:03 [emerg] 1#1: duplicate location "/50x.html" in /etc/nginx/conf.d/default.conf:48
2023/03/09 09:48:25 [emerg] 1#1: duplicate location "/50x.html" in /etc/nginx/conf.d/default.conf:48
2023/03/09 09:50:03 [emerg] 1#1: duplicate location "/50x.html" in /etc/nginx/conf.d/default.conf:48
2023/03/09 09:50:16 [emerg] 1#1: duplicate location "/50x.html" in /etc/nginx/conf.d/default.conf:48
2023/03/09 09:50:18 [emerg] 1#1: duplicate location "/50x.html" in /etc/nginx/conf.d/default.conf:48
2023/03/09 09:51:00 [notice] 1#1: using the "epoll" event method
2023/03/09 09:51:00 [notice] 1#1: nginx/1.23.0
2023/03/09 09:51:00 [notice] 1#1: built by gcc 10.2.1 20210110 (Debian 10.2.1-6) 
2023/03/09 09:51:00 [notice] 1#1: OS: Linux 5.10.104-linuxkit
2023/03/09 09:51:00 [notice] 1#1: getrlimit(RLIMIT_NOFILE): 1048576:1048576
2023/03/09 09:51:00 [notice] 1#1: start worker processes
2023/03/09 09:51:00 [notice] 1#1: start worker process 24
2023/03/09 09:51:00 [notice] 1#1: start worker process 25
2023/03/09 09:51:00 [notice] 1#1: start worker process 26
2023/03/09 09:51:00 [notice] 1#1: start worker process 27
2023/03/09 09:51:08 [error] 25#25: *1 open() "/var/www/html/project/playwright-report/favicon.ico" failed (2: No such file or directory), client: 172.20.0.1, server: 127.0.0.1, request: "GET /favicon.ico HTTP/1.1", host: "localhost:8080", referrer: "http://localhost:8080/"
2023/03/09 09:55:56 [notice] 1#1: signal 3 (SIGQUIT) received, shutting down
2023/03/09 09:55:56 [notice] 26#26: gracefully shutting down
2023/03/09 09:55:56 [notice] 24#24: gracefully shutting down
2023/03/09 09:55:56 [notice] 24#24: exiting
2023/03/09 09:55:56 [notice] 25#25: gracefully shutting down
2023/03/09 09:55:56 [notice] 25#25: exiting
2023/03/09 09:55:56 [notice] 27#27: gracefully shutting down
2023/03/09 09:55:56 [notice] 27#27: exiting
2023/03/09 09:55:56 [notice] 26#26: exiting
2023/03/09 09:55:56 [notice] 26#26: exit
2023/03/09 09:55:56 [notice] 24#24: exit
2023/03/09 09:55:56 [notice] 25#25: exit
2023/03/09 09:55:56 [notice] 27#27: exit
2023/03/09 09:55:56 [notice] 1#1: signal 17 (SIGCHLD) received from 26
2023/03/09 09:55:56 [notice] 1#1: worker process 24 exited with code 0
2023/03/09 09:55:56 [notice] 1#1: worker process 26 exited with code 0
2023/03/09 09:55:56 [notice] 1#1: signal 29 (SIGIO) received
2023/03/09 09:55:56 [notice] 1#1: signal 17 (SIGCHLD) received from 27
2023/03/09 09:55:56 [notice] 1#1: worker process 25 exited with code 0
2023/03/09 09:55:56 [notice] 1#1: worker process 27 exited with code 0
2023/03/09 09:55:56 [notice] 1#1: exit
2023/03/09 09:56:04 [notice] 1#1: using the "epoll" event method
2023/03/09 09:56:04 [notice] 1#1: nginx/1.23.0
2023/03/09 09:56:04 [notice] 1#1: built by gcc 10.2.1 20210110 (Debian 10.2.1-6) 
2023/03/09 09:56:04 [notice] 1#1: OS: Linux 5.10.104-linuxkit
2023/03/09 09:56:04 [notice] 1#1: getrlimit(RLIMIT_NOFILE): 1048576:1048576
2023/03/09 09:56:04 [notice] 1#1: start worker processes
2023/03/09 09:56:04 [notice] 1#1: start worker process 24
2023/03/09 09:56:04 [notice] 1#1: start worker process 25
2023/03/09 09:56:04 [notice] 1#1: start worker process 26
2023/03/09 09:56:04 [notice] 1#1: start worker process 27
2023/03/09 09:56:37 [error] 25#25: *2 "/app/playwright-report/index.html" is not found (2: No such file or directory), client: 172.21.0.1, server: 127.0.0.1, request: "GET / HTTP/1.1", host: "localhost:8080"
2023/03/09 09:56:38 [error] 25#25: *2 "/app/playwright-report/index.html" is not found (2: No such file or directory), client: 172.21.0.1, server: 127.0.0.1, request: "GET / HTTP/1.1", host: "localhost:8080"
2023/03/09 09:56:38 [error] 25#25: *2 "/app/playwright-report/index.html" is not found (2: No such file or directory), client: 172.21.0.1, server: 127.0.0.1, request: "GET / HTTP/1.1", host: "localhost:8080"
2023/03/09 09:56:38 [error] 25#25: *2 "/app/playwright-report/index.html" is not found (2: No such file or directory), client: 172.21.0.1, server: 127.0.0.1, request: "GET / HTTP/1.1", host: "localhost:8080"
2023/03/09 09:56:38 [error] 25#25: *2 "/app/playwright-report/index.html" is not found (2: No such file or directory), client: 172.21.0.1, server: 127.0.0.1, request: "GET / HTTP/1.1", host: "localhost:8080"
2023/03/09 09:56:39 [error] 25#25: *2 "/app/playwright-report/index.html" is not found (2: No such file or directory), client: 172.21.0.1, server: 127.0.0.1, request: "GET / HTTP/1.1", host: "localhost:8080"
2023/03/09 09:56:39 [error] 25#25: *2 "/app/playwright-report/index.html" is not found (2: No such file or directory), client: 172.21.0.1, server: 127.0.0.1, request: "GET / HTTP/1.1", host: "localhost:8080"
2023/03/09 09:56:39 [error] 25#25: *2 "/app/playwright-report/index.html" is not found (2: No such file or directory), client: 172.21.0.1, server: 127.0.0.1, request: "GET / HTTP/1.1", host: "localhost:8080"
2023/03/09 09:56:39 [error] 25#25: *2 "/app/playwright-report/index.html" is not found (2: No such file or directory), client: 172.21.0.1, server: 127.0.0.1, request: "GET / HTTP/1.1", host: "localhost:8080"
2023/03/09 09:56:39 [error] 25#25: *2 "/app/playwright-report/index.html" is not found (2: No such file or directory), client: 172.21.0.1, server: 127.0.0.1, request: "GET / HTTP/1.1", host: "localhost:8080"
2023/03/09 09:56:39 [error] 25#25: *2 "/app/playwright-report/index.html" is not found (2: No such file or directory), client: 172.21.0.1, server: 127.0.0.1, request: "GET / HTTP/1.1", host: "localhost:8080"
2023/03/09 09:56:40 [error] 25#25: *2 "/app/playwright-report/index.html" is not found (2: No such file or directory), client: 172.21.0.1, server: 127.0.0.1, request: "GET / HTTP/1.1", host: "localhost:8080"
2023/03/09 09:56:40 [error] 25#25: *2 "/app/playwright-report/index.html" is not found (2: No such file or directory), client: 172.21.0.1, server: 127.0.0.1, request: "GET / HTTP/1.1", host: "localhost:8080"
2023/03/09 09:57:01 [notice] 1#1: signal 3 (SIGQUIT) received, shutting down
2023/03/09 09:57:01 [notice] 26#26: gracefully shutting down
2023/03/09 09:57:01 [notice] 26#26: exiting
2023/03/09 09:57:01 [notice] 27#27: gracefully shutting down
2023/03/09 09:57:01 [notice] 24#24: gracefully shutting down
2023/03/09 09:57:01 [notice] 25#25: gracefully shutting down
2023/03/09 09:57:01 [notice] 26#26: exit
2023/03/09 09:57:01 [notice] 27#27: exiting
2023/03/09 09:57:01 [notice] 27#27: exit
2023/03/09 09:57:01 [notice] 25#25: exiting
2023/03/09 09:57:01 [notice] 25#25: exit
2023/03/09 09:57:01 [notice] 1#1: signal 17 (SIGCHLD) received from 27
2023/03/09 09:57:01 [notice] 1#1: worker process 26 exited with code 0
2023/03/09 09:57:01 [notice] 1#1: worker process 27 exited with code 0
2023/03/09 09:57:01 [notice] 1#1: signal 29 (SIGIO) received
2023/03/09 09:57:01 [notice] 1#1: signal 17 (SIGCHLD) received from 26
2023/03/09 09:57:01 [notice] 1#1: signal 17 (SIGCHLD) received from 25
2023/03/09 09:57:01 [notice] 1#1: worker process 25 exited with code 0
2023/03/09 09:57:01 [notice] 1#1: signal 29 (SIGIO) received
2023/03/09 09:57:25 [notice] 1#1: using the "epoll" event method
2023/03/09 09:57:25 [notice] 1#1: nginx/1.23.0
2023/03/09 09:57:25 [notice] 1#1: built by gcc 10.2.1 20210110 (Debian 10.2.1-6) 
2023/03/09 09:57:25 [notice] 1#1: OS: Linux 5.10.104-linuxkit
2023/03/09 09:57:25 [notice] 1#1: getrlimit(RLIMIT_NOFILE): 1048576:1048576
2023/03/09 09:57:25 [notice] 1#1: start worker processes
2023/03/09 09:57:25 [notice] 1#1: start worker process 24
2023/03/09 09:57:25 [notice] 1#1: start worker process 25
2023/03/09 09:57:25 [notice] 1#1: start worker process 26
2023/03/09 09:57:25 [notice] 1#1: start worker process 27
2023/03/09 09:58:14 [notice] 1#1: signal 3 (SIGQUIT) received, shutting down
2023/03/09 09:58:14 [notice] 24#24: gracefully shutting down
2023/03/09 09:58:14 [notice] 24#24: exiting
2023/03/09 09:58:14 [notice] 26#26: gracefully shutting down
2023/03/09 09:58:14 [notice] 26#26: exiting
2023/03/09 09:58:14 [notice] 27#27: gracefully shutting down
2023/03/09 09:58:14 [notice] 25#25: gracefully shutting down
2023/03/09 09:58:14 [notice] 24#24: exit
2023/03/09 09:58:14 [notice] 26#26: exit
2023/03/09 09:58:14 [notice] 27#27: exiting
2023/03/09 09:58:14 [notice] 27#27: exit
2023/03/09 09:58:14 [notice] 25#25: exiting
2023/03/09 09:58:14 [notice] 25#25: exit
2023/03/09 09:58:14 [notice] 1#1: signal 17 (SIGCHLD) received from 24
2023/03/09 09:58:14 [notice] 1#1: worker process 24 exited with code 0
2023/03/09 09:58:14 [notice] 1#1: signal 29 (SIGIO) received
2023/03/09 09:58:14 [notice] 1#1: signal 17 (SIGCHLD) received from 26
2023/03/09 09:58:14 [notice] 1#1: worker process 26 exited with code 0
2023/03/09 09:58:14 [notice] 1#1: signal 29 (SIGIO) received
2023/03/09 09:58:14 [notice] 1#1: signal 17 (SIGCHLD) received from 27
2023/03/09 09:58:14 [notice] 1#1: worker process 27 exited with code 0
2023/03/09 09:58:14 [notice] 1#1: signal 29 (SIGIO) received
2023/03/09 09:58:14 [notice] 1#1: signal 17 (SIGCHLD) received from 25
2023/03/09 09:58:14 [notice] 1#1: worker process 25 exited with code 0
2023/03/09 09:58:14 [notice] 1#1: exit
2023/03/10 02:05:47 [notice] 1#1: using the "epoll" event method
2023/03/10 02:05:47 [notice] 1#1: nginx/1.23.0
2023/03/10 02:05:47 [notice] 1#1: built by gcc 10.2.1 20210110 (Debian 10.2.1-6) 
2023/03/10 02:05:47 [notice] 1#1: OS: Linux 5.15.49-linuxkit
2023/03/10 02:05:47 [notice] 1#1: getrlimit(RLIMIT_NOFILE): 1048576:1048576
2023/03/10 02:05:47 [notice] 1#1: start worker processes
2023/03/10 02:05:47 [notice] 1#1: start worker process 24
2023/03/10 02:05:47 [notice] 1#1: start worker process 25
2023/03/10 02:05:47 [notice] 1#1: start worker process 26
2023/03/10 02:05:47 [notice] 1#1: start worker process 27
2023/03/10 02:07:17 [notice] 1#1: signal 3 (SIGQUIT) received, shutting down
2023/03/10 02:07:17 [notice] 24#24: gracefully shutting down
2023/03/10 02:07:17 [notice] 24#24: exiting
2023/03/10 02:07:17 [notice] 26#26: gracefully shutting down
2023/03/10 02:07:17 [notice] 27#27: gracefully shutting down
2023/03/10 02:07:17 [notice] 27#27: exiting
2023/03/10 02:07:17 [notice] 25#25: gracefully shutting down
2023/03/10 02:07:17 [notice] 24#24: exit
2023/03/10 02:07:17 [notice] 26#26: exiting
2023/03/10 02:07:17 [notice] 27#27: exit
2023/03/10 02:07:17 [notice] 25#25: exiting
2023/03/10 02:07:17 [notice] 26#26: exit
2023/03/10 02:07:17 [notice] 25#25: exit
2023/03/10 02:07:17 [notice] 1#1: signal 17 (SIGCHLD) received from 27
2023/03/10 02:07:17 [notice] 1#1: worker process 27 exited with code 0
2023/03/10 02:07:17 [notice] 1#1: worker process 24 exited with code 0
2023/03/10 02:07:17 [notice] 1#1: signal 29 (SIGIO) received
2023/03/10 02:07:17 [notice] 1#1: signal 17 (SIGCHLD) received from 24
2023/03/10 02:07:17 [notice] 1#1: signal 17 (SIGCHLD) received from 26
2023/03/10 02:07:17 [notice] 1#1: worker process 25 exited with code 0
2023/03/10 02:07:17 [notice] 1#1: worker process 26 exited with code 0
2023/03/10 02:07:17 [notice] 1#1: exit
2023/03/10 02:07:20 [notice] 1#1: using the "epoll" event method
2023/03/10 02:07:20 [notice] 1#1: nginx/1.23.0
2023/03/10 02:07:20 [notice] 1#1: built by gcc 10.2.1 20210110 (Debian 10.2.1-6) 
2023/03/10 02:07:20 [notice] 1#1: OS: Linux 5.15.49-linuxkit
2023/03/10 02:07:20 [notice] 1#1: getrlimit(RLIMIT_NOFILE): 1048576:1048576
2023/03/10 02:07:20 [notice] 1#1: start worker processes
2023/03/10 02:07:20 [notice] 1#1: start worker process 24
2023/03/10 02:07:20 [notice] 1#1: start worker process 25
2023/03/10 02:07:20 [notice] 1#1: start worker process 26
2023/03/10 02:07:20 [notice] 1#1: start worker process 27
2023/03/10 02:07:59 [notice] 1#1: signal 3 (SIGQUIT) received, shutting down
2023/03/10 02:07:59 [notice] 24#24: gracefully shutting down
2023/03/10 02:07:59 [notice] 27#27: gracefully shutting down
2023/03/10 02:07:59 [notice] 26#26: gracefully shutting down
2023/03/10 02:07:59 [notice] 25#25: gracefully shutting down
2023/03/10 02:07:59 [notice] 24#24: exiting
2023/03/10 02:07:59 [notice] 27#27: exiting
2023/03/10 02:07:59 [notice] 26#26: exiting
2023/03/10 02:07:59 [notice] 25#25: exiting
2023/03/10 02:07:59 [notice] 24#24: exit
2023/03/10 02:07:59 [notice] 27#27: exit
2023/03/10 02:07:59 [notice] 26#26: exit
2023/03/10 02:07:59 [notice] 25#25: exit
2023/03/10 02:07:59 [notice] 1#1: signal 17 (SIGCHLD) received from 27
2023/03/10 02:07:59 [notice] 1#1: worker process 27 exited with code 0
2023/03/10 02:07:59 [notice] 1#1: worker process 24 exited with code 0
2023/03/10 02:07:59 [notice] 1#1: signal 29 (SIGIO) received
2023/03/10 02:07:59 [notice] 1#1: signal 17 (SIGCHLD) received from 24
2023/03/10 02:07:59 [notice] 1#1: signal 17 (SIGCHLD) received from 26
2023/03/10 02:07:59 [notice] 1#1: worker process 25 exited with code 0
2023/03/10 02:07:59 [notice] 1#1: worker process 26 exited with code 0
2023/03/10 02:07:59 [notice] 1#1: exit
2023/03/10 02:08:19 [notice] 1#1: using the "epoll" event method
2023/03/10 02:08:19 [notice] 1#1: nginx/1.23.0
2023/03/10 02:08:19 [notice] 1#1: built by gcc 10.2.1 20210110 (Debian 10.2.1-6) 
2023/03/10 02:08:19 [notice] 1#1: OS: Linux 5.15.49-linuxkit
2023/03/10 02:08:19 [notice] 1#1: getrlimit(RLIMIT_NOFILE): 1048576:1048576
2023/03/10 02:08:19 [notice] 1#1: start worker processes
2023/03/10 02:08:19 [notice] 1#1: start worker process 24
2023/03/10 02:08:19 [notice] 1#1: start worker process 25
2023/03/10 02:08:19 [notice] 1#1: start worker process 26
2023/03/10 02:08:19 [notice] 1#1: start worker process 27
2023/03/10 02:09:24 [notice] 1#1: signal 3 (SIGQUIT) received, shutting down
2023/03/10 02:09:24 [notice] 27#27: gracefully shutting down
2023/03/10 02:09:24 [notice] 24#24: gracefully shutting down
2023/03/10 02:09:24 [notice] 26#26: gracefully shutting down
2023/03/10 02:09:24 [notice] 26#26: exiting
2023/03/10 02:09:24 [notice] 25#25: gracefully shutting down
2023/03/10 02:09:24 [notice] 27#27: exiting
2023/03/10 02:09:24 [notice] 24#24: exiting
2023/03/10 02:09:24 [notice] 26#26: exit
2023/03/10 02:09:24 [notice] 25#25: exiting
2023/03/10 02:09:24 [notice] 25#25: exit
2023/03/10 02:09:24 [notice] 27#27: exit
2023/03/10 02:09:24 [notice] 24#24: exit
2023/03/10 02:09:24 [notice] 1#1: signal 17 (SIGCHLD) received from 26
2023/03/10 02:09:24 [notice] 1#1: worker process 26 exited with code 0
2023/03/10 02:09:24 [notice] 1#1: signal 29 (SIGIO) received
2023/03/10 02:09:24 [notice] 1#1: signal 17 (SIGCHLD) received from 24
2023/03/10 02:09:24 [notice] 1#1: worker process 24 exited with code 0
2023/03/10 02:09:24 [notice] 1#1: worker process 25 exited with code 0
2023/03/10 02:09:24 [notice] 1#1: signal 29 (SIGIO) received
2023/03/10 02:09:24 [notice] 1#1: signal 17 (SIGCHLD) received from 25
2023/03/10 02:09:24 [notice] 1#1: signal 17 (SIGCHLD) received from 27
2023/03/10 02:09:24 [notice] 1#1: worker process 27 exited with code 0
2023/03/10 02:09:24 [notice] 1#1: exit
2023/03/10 02:48:22 [notice] 1#1: using the "epoll" event method
2023/03/10 02:48:22 [notice] 1#1: nginx/1.23.3
2023/03/10 02:48:22 [notice] 1#1: built by gcc 10.2.1 20210110 (Debian 10.2.1-6) 
2023/03/10 02:48:22 [notice] 1#1: OS: Linux 5.15.49-linuxkit
2023/03/10 02:48:22 [notice] 1#1: getrlimit(RLIMIT_NOFILE): 1048576:1048576
2023/03/10 02:48:22 [notice] 1#1: start worker processes
2023/03/10 02:48:22 [notice] 1#1: start worker process 22
2023/03/10 02:48:22 [notice] 1#1: start worker process 23
2023/03/10 02:48:22 [notice] 1#1: start worker process 24
2023/03/10 02:48:22 [notice] 1#1: start worker process 25
2023/03/10 02:57:16 [notice] 1#1: signal 3 (SIGQUIT) received, shutting down
2023/03/10 02:57:16 [notice] 25#25: gracefully shutting down
2023/03/10 02:57:16 [notice] 23#23: gracefully shutting down
2023/03/10 02:57:16 [notice] 22#22: gracefully shutting down
2023/03/10 02:57:16 [notice] 24#24: gracefully shutting down
2023/03/10 02:57:16 [notice] 25#25: exiting
2023/03/10 02:57:16 [notice] 23#23: exiting
2023/03/10 02:57:16 [notice] 23#23: exit
2023/03/10 02:57:16 [notice] 22#22: exiting
2023/03/10 02:57:16 [notice] 24#24: exiting
2023/03/10 02:57:16 [notice] 25#25: exit
2023/03/10 02:57:16 [notice] 22#22: exit
2023/03/10 02:57:16 [notice] 24#24: exit
2023/03/10 02:57:16 [notice] 1#1: signal 17 (SIGCHLD) received from 25
2023/03/10 02:57:16 [notice] 1#1: worker process 25 exited with code 0
2023/03/10 02:57:16 [notice] 1#1: signal 29 (SIGIO) received
2023/03/10 02:57:16 [notice] 1#1: signal 17 (SIGCHLD) received from 24
2023/03/10 02:57:16 [notice] 1#1: worker process 24 exited with code 0
2023/03/10 02:57:16 [notice] 1#1: signal 29 (SIGIO) received
2023/03/10 02:57:16 [notice] 1#1: signal 17 (SIGCHLD) received from 23
2023/03/10 02:57:16 [notice] 1#1: worker process 23 exited with code 0
2023/03/10 02:57:16 [notice] 1#1: worker process 22 exited with code 0
2023/03/10 02:57:16 [notice] 1#1: exit
2023/03/10 06:39:10 [notice] 1#1: using the "epoll" event method
2023/03/10 06:39:10 [notice] 1#1: nginx/1.23.3
2023/03/10 06:39:10 [notice] 1#1: built by gcc 10.2.1 20210110 (Debian 10.2.1-6) 
2023/03/10 06:39:10 [notice] 1#1: OS: Linux 5.10.104-linuxkit
2023/03/10 06:39:10 [notice] 1#1: getrlimit(RLIMIT_NOFILE): 1048576:1048576
2023/03/10 06:39:10 [notice] 1#1: start worker processes
2023/03/10 06:39:10 [notice] 1#1: start worker process 22
2023/03/10 06:39:10 [notice] 1#1: start worker process 23
2023/03/10 06:39:10 [notice] 1#1: start worker process 24
2023/03/10 06:39:10 [notice] 1#1: start worker process 25
2023/03/10 06:41:09 [error] 23#23: *2 "/app/playwright-report/index.html" is not found (2: No such file or directory), client: 172.18.0.1, server: 127.0.0.1, request: "GET / HTTP/1.1", host: "localhost:8080"
2023/03/10 06:41:09 [error] 23#23: *2 open() "/app/playwright-report/favicon.ico" failed (2: No such file or directory), client: 172.18.0.1, server: 127.0.0.1, request: "GET /favicon.ico HTTP/1.1", host: "localhost:8080", referrer: "http://localhost:8080/"
2023/03/10 06:41:10 [error] 23#23: *2 "/app/playwright-report/index.html" is not found (2: No such file or directory), client: 172.18.0.1, server: 127.0.0.1, request: "GET / HTTP/1.1", host: "localhost:8080"
2023/03/10 06:41:10 [error] 23#23: *2 "/app/playwright-report/index.html" is not found (2: No such file or directory), client: 172.18.0.1, server: 127.0.0.1, request: "GET / HTTP/1.1", host: "localhost:8080"
2023/03/10 06:41:11 [error] 23#23: *2 "/app/playwright-report/index.html" is not found (2: No such file or directory), client: 172.18.0.1, server: 127.0.0.1, request: "GET / HTTP/1.1", host: "localhost:8080"
2023/03/10 06:41:11 [error] 23#23: *2 "/app/playwright-report/index.html" is not found (2: No such file or directory), client: 172.18.0.1, server: 127.0.0.1, request: "GET / HTTP/1.1", host: "localhost:8080"
2023/03/10 06:41:11 [error] 23#23: *2 "/app/playwright-report/index.html" is not found (2: No such file or directory), client: 172.18.0.1, server: 127.0.0.1, request: "GET / HTTP/1.1", host: "localhost:8080"
2023/03/10 06:42:41 [notice] 1#1: signal 3 (SIGQUIT) received, shutting down
2023/03/10 06:42:41 [notice] 22#22: gracefully shutting down
2023/03/10 06:42:41 [notice] 24#24: gracefully shutting down
2023/03/10 06:42:41 [notice] 25#25: gracefully shutting down
2023/03/10 06:42:41 [notice] 23#23: gracefully shutting down
2023/03/10 06:42:41 [notice] 22#22: exiting
2023/03/10 06:42:41 [notice] 24#24: exiting
2023/03/10 06:42:41 [notice] 25#25: exiting
2023/03/10 06:42:41 [notice] 23#23: exiting
2023/03/10 06:42:41 [notice] 22#22: exit
2023/03/10 06:42:41 [notice] 24#24: exit
2023/03/10 06:42:41 [notice] 25#25: exit
2023/03/10 06:42:41 [notice] 23#23: exit
2023/03/10 06:42:41 [notice] 1#1: signal 17 (SIGCHLD) received from 23
2023/03/10 06:42:41 [notice] 1#1: worker process 23 exited with code 0
2023/03/10 06:42:41 [notice] 1#1: worker process 22 exited with code 0
2023/03/10 06:42:41 [notice] 1#1: worker process 24 exited with code 0
2023/03/10 06:42:41 [notice] 1#1: worker process 25 exited with code 0
2023/03/10 06:42:41 [notice] 1#1: exit
2023/03/10 06:54:49 [notice] 1#1: using the "epoll" event method
2023/03/10 06:54:49 [notice] 1#1: nginx/1.23.3
2023/03/10 06:54:49 [notice] 1#1: built by gcc 10.2.1 20210110 (Debian 10.2.1-6) 
2023/03/10 06:54:49 [notice] 1#1: OS: Linux 5.10.104-linuxkit
2023/03/10 06:54:49 [notice] 1#1: getrlimit(RLIMIT_NOFILE): 1048576:1048576
2023/03/10 06:54:49 [notice] 1#1: start worker processes
2023/03/10 06:54:49 [notice] 1#1: start worker process 22
2023/03/10 06:54:49 [notice] 1#1: start worker process 23
2023/03/10 06:54:49 [notice] 1#1: start worker process 24
2023/03/10 06:54:49 [notice] 1#1: start worker process 25
2023/03/10 06:55:04 [notice] 1#1: signal 3 (SIGQUIT) received, shutting down
2023/03/10 06:55:04 [notice] 22#22: gracefully shutting down
2023/03/10 06:55:04 [notice] 22#22: exiting
2023/03/10 06:55:04 [notice] 24#24: gracefully shutting down
2023/03/10 06:55:04 [notice] 23#23: gracefully shutting down
2023/03/10 06:55:04 [notice] 25#25: gracefully shutting down
2023/03/10 06:55:04 [notice] 22#22: exit
2023/03/10 06:55:04 [notice] 24#24: exiting
2023/03/10 06:55:04 [notice] 24#24: exit
2023/03/10 06:55:04 [notice] 23#23: exiting
2023/03/10 06:55:04 [notice] 25#25: exiting
2023/03/10 06:55:04 [notice] 23#23: exit
2023/03/10 06:55:04 [notice] 25#25: exit
2023/03/10 06:55:04 [notice] 1#1: signal 17 (SIGCHLD) received from 22
2023/03/10 06:55:04 [notice] 1#1: worker process 22 exited with code 0
2023/03/10 06:55:04 [notice] 1#1: signal 29 (SIGIO) received
2023/03/10 06:55:04 [notice] 1#1: signal 17 (SIGCHLD) received from 24
2023/03/10 06:55:04 [notice] 1#1: worker process 23 exited with code 0
2023/03/10 06:55:04 [notice] 1#1: worker process 24 exited with code 0
2023/03/10 06:55:04 [notice] 1#1: signal 29 (SIGIO) received
2023/03/10 06:55:04 [notice] 1#1: signal 17 (SIGCHLD) received from 23
2023/03/10 06:55:04 [notice] 1#1: signal 17 (SIGCHLD) received from 25
2023/03/10 06:55:04 [notice] 1#1: worker process 25 exited with code 0
2023/03/10 06:55:04 [notice] 1#1: exit
2023/03/10 07:09:55 [notice] 1#1: using the "epoll" event method
2023/03/10 07:09:55 [notice] 1#1: nginx/1.23.3
2023/03/10 07:09:55 [notice] 1#1: built by gcc 10.2.1 20210110 (Debian 10.2.1-6) 
2023/03/10 07:09:55 [notice] 1#1: OS: Linux 5.10.104-linuxkit
2023/03/10 07:09:55 [notice] 1#1: getrlimit(RLIMIT_NOFILE): 1048576:1048576
2023/03/10 07:09:55 [notice] 1#1: start worker processes
2023/03/10 07:09:55 [notice] 1#1: start worker process 22
2023/03/10 07:09:55 [notice] 1#1: start worker process 23
2023/03/10 07:09:55 [notice] 1#1: start worker process 24
2023/03/10 07:09:55 [notice] 1#1: start worker process 25
2023/03/10 07:10:22 [error] 23#23: *1 "/app/playwright-report/index.html" is not found (2: No such file or directory), client: 172.21.0.1, server: 127.0.0.1, request: "GET / HTTP/1.1", host: "localhost:8080"
2023/03/10 07:14:19 [notice] 1#1: signal 3 (SIGQUIT) received, shutting down
2023/03/10 07:14:19 [notice] 24#24: gracefully shutting down
2023/03/10 07:14:19 [notice] 22#22: gracefully shutting down
2023/03/10 07:14:19 [notice] 23#23: gracefully shutting down
2023/03/10 07:14:19 [notice] 23#23: exiting
2023/03/10 07:14:19 [notice] 25#25: gracefully shutting down
2023/03/10 07:14:19 [notice] 24#24: exiting
2023/03/10 07:14:19 [notice] 22#22: exiting
2023/03/10 07:14:19 [notice] 23#23: exit
2023/03/10 07:14:19 [notice] 25#25: exiting
2023/03/10 07:14:19 [notice] 24#24: exit
2023/03/10 07:14:19 [notice] 22#22: exit
2023/03/10 07:14:19 [notice] 25#25: exit
2023/03/10 07:14:19 [notice] 1#1: signal 17 (SIGCHLD) received from 23
2023/03/10 07:14:19 [notice] 1#1: worker process 22 exited with code 0
2023/03/10 07:14:19 [notice] 1#1: worker process 23 exited with code 0
2023/03/10 07:14:19 [notice] 1#1: worker process 24 exited with code 0
2023/03/10 07:14:19 [notice] 1#1: signal 29 (SIGIO) received
2023/03/10 07:14:19 [notice] 1#1: signal 17 (SIGCHLD) received from 22
2023/03/10 07:14:19 [notice] 1#1: signal 17 (SIGCHLD) received from 25
2023/03/10 07:14:19 [notice] 1#1: worker process 25 exited with code 0
2023/03/10 07:14:19 [notice] 1#1: exit
2023/03/10 07:47:18 [notice] 1#1: using the "epoll" event method
2023/03/10 07:47:18 [notice] 1#1: nginx/1.23.3
2023/03/10 07:47:18 [notice] 1#1: built by gcc 10.2.1 20210110 (Debian 10.2.1-6) 
2023/03/10 07:47:18 [notice] 1#1: OS: Linux 5.10.104-linuxkit
2023/03/10 07:47:18 [notice] 1#1: getrlimit(RLIMIT_NOFILE): 1048576:1048576
2023/03/10 07:47:18 [notice] 1#1: start worker processes
2023/03/10 07:47:18 [notice] 1#1: start worker process 22
2023/03/10 07:47:18 [notice] 1#1: start worker process 23
2023/03/10 07:47:18 [notice] 1#1: start worker process 24
2023/03/10 07:47:18 [notice] 1#1: start worker process 25
2023/03/13 01:12:55 [notice] 1#1: signal 3 (SIGQUIT) received, shutting down
2023/03/13 01:12:55 [notice] 22#22: gracefully shutting down
2023/03/13 01:12:55 [notice] 25#25: gracefully shutting down
2023/03/13 01:12:55 [notice] 23#23: gracefully shutting down
2023/03/13 01:12:55 [notice] 24#24: gracefully shutting down
2023/03/13 01:12:55 [notice] 22#22: exiting
2023/03/13 01:12:55 [notice] 25#25: exiting
2023/03/13 01:12:55 [notice] 25#25: exit
2023/03/13 01:12:55 [notice] 23#23: exiting
2023/03/13 01:12:55 [notice] 24#24: exiting
2023/03/13 01:12:55 [notice] 22#22: exit
2023/03/13 01:12:55 [notice] 23#23: exit
2023/03/13 01:12:55 [notice] 24#24: exit
2023/03/13 01:12:55 [notice] 1#1: signal 17 (SIGCHLD) received from 25
2023/03/13 01:12:55 [notice] 1#1: worker process 25 exited with code 0
2023/03/13 01:12:55 [notice] 1#1: signal 29 (SIGIO) received
2023/03/13 01:12:55 [notice] 1#1: signal 17 (SIGCHLD) received from 24
2023/03/13 01:12:55 [notice] 1#1: worker process 24 exited with code 0
2023/03/13 01:12:55 [notice] 1#1: signal 29 (SIGIO) received
2023/03/13 01:12:55 [notice] 1#1: signal 17 (SIGCHLD) received from 22
2023/03/13 01:12:55 [notice] 1#1: worker process 22 exited with code 0
2023/03/13 01:12:55 [notice] 1#1: worker process 23 exited with code 0
2023/03/13 01:12:55 [notice] 1#1: exit
